# JRE version: OpenJDK Runtime Environment Temurin-21.0.12.1+1 (21.0.12.1+1) (build 21.0.12.1+1-LTS)
# Java VM: OpenJDK 64-Bit Server VM Temurin-21.0.12.1+1 (21.0.12.1+1-LTS, mixed mode, sharing, tiered, compressed oops, compressed class ptrs, parallel gc, windows-amd64)
GC Precious Log:
 CardTable entry size: 512
 CPUs: 2 total, 2 available
 Memory: 3983M
 Large Page Support: Disabled
 NUMA Support: Disabled
 Compressed Oops: Enabled (32-bit)
 Alignments: Space 512K, Generation 512K, Heap 2M
 Heap Min Capacity: 100M
 Heap Initial Capacity: 100M
 Heap Max Capacity: 2G
 Pre-touch: Disabled
 Parallel Workers: 2
Heap:
 PSYoungGen      total 19968K, used 498K [0x00000000d5580000, 0x00000000d6f00000, 0x0000000100000000)
  eden space 19456K, 0% used [0x00000000d5580000,0x00000000d5580000,0x00000000d6880000)
  from space 512K, 97% used [0x00000000d6e80000,0x00000000d6efc928,0x00000000d6f00000)
  to   space 2048K, 0% used [0x00000000d6b00000,0x00000000d6b00000,0x00000000d6d00000)
 ParOldGen       total 68608K, used 46080K [0x0000000080000000, 0x0000000084300000, 0x00000000d5580000)
  object space 68608K, 67% used [0x0000000080000000,0x0000000082d003b8,0x0000000084300000)
 Metaspace       used 58376K, committed 59776K, reserved 1114112K
  class space    used 6263K, committed 6912K, reserved 1048576K
GC Heap History (20 events):
Event: 53.348 GC heap before
{Heap before GC invocations=22 (full 2):
 PSYoungGen      total 23552K, used 23520K [0x00000000d5580000, 0x00000000d7100000, 0x0000000100000000)
  eden space 22016K, 100% used [0x00000000d5580000,0x00000000d6b00000,0x00000000d6b00000)
  from space 1536K, 97% used [0x00000000d6c00000,0x00000000d6d78030,0x00000000d6d80000)
  to   space 3072K, 0% used [0x00000000d6e00000,0x00000000d6e00000,0x00000000d7100000)
 ParOldGen       total 68608K, used 24973K [0x0000000080000000, 0x0000000084300000, 0x00000000d5580000)
  object space 68608K, 36% used [0x0000000080000000,0x0000000081863610,0x0000000084300000)
 Metaspace       used 47973K, committed 49152K, reserved 1114112K
  class space    used 5200K, committed 5696K, reserved 1048576K
}
Event: 53.364 GC heap after
{Heap after GC invocations=22 (full 2):
 PSYoungGen      total 22528K, used 3042K [0x00000000d5580000, 0x00000000d7600000, 0x0000000100000000)
  eden space 19456K, 0% used [0x00000000d5580000,0x00000000d5580000,0x00000000d6880000)
  from space 3072K, 99% used [0x00000000d6e00000,0x00000000d70f8810,0x00000000d7100000)
  to   space 5632K, 0% used [0x00000000d6880000,0x00000000d6880000,0x00000000d6e00000)
 ParOldGen       total 68608K, used 27027K [0x0000000080000000, 0x0000000084300000, 0x00000000d5580000)
  object space 68608K, 39% used [0x0000000080000000,0x0000000081a64e50,0x0000000084300000)
 Metaspace       used 47973K, committed 49152K, reserved 1114112K
  class space    used 5200K, committed 5696K, reserved 1048576K
}
Event: 54.098 GC heap before
{Heap before GC invocations=23 (full 2):
 PSYoungGen      total 22528K, used 22498K [0x00000000d5580000, 0x00000000d7600000, 0x0000000100000000)
  eden space 19456K, 100% used [0x00000000d5580000,0x00000000d6880000,0x00000000d6880000)
  from space 3072K, 99% used [0x00000000d6e00000,0x00000000d70f8810,0x00000000d7100000)
  to   space 5632K, 0% used [0x00000000d6880000,0x00000000d6880000,0x00000000d6e00000)
 ParOldGen       total 68608K, used 27027K [0x0000000080000000, 0x0000000084300000, 0x00000000d5580000)
  object space 68608K, 39% used [0x0000000080000000,0x0000000081a64e50,0x0000000084300000)
 Metaspace       used 47998K, committed 49152K, reserved 1114112K
  class space    used 5200K, committed 5696K, reserved 1048576K
}
Event: 54.114 GC heap after
{Heap after GC invocations=23 (full 2):
 PSYoungGen      total 23040K, used 3300K [0x00000000d5580000, 0x00000000d7080000, 0x0000000100000000)
  eden space 19456K, 0% used [0x00000000d5580000,0x00000000d5580000,0x00000000d6880000)
  from space 3584K, 92% used [0x00000000d6880000,0x00000000d6bb9000,0x00000000d6c00000)
  to   space 4096K, 0% used [0x00000000d6c80000,0x00000000d6c80000,0x00000000d7080000)
 ParOldGen       total 68608K, used 29983K [0x0000000080000000, 0x0000000084300000, 0x00000000d5580000)
  object space 68608K, 43% used [0x0000000080000000,0x0000000081d47e10,0x0000000084300000)
 Metaspace       used 47998K, committed 49152K, reserved 1114112K
  class space    used 5200K, committed 5696K, reserved 1048576K
}
Event: 54.602 GC heap before
{Heap before GC invocations=24 (full 2):
 PSYoungGen      total 23040K, used 22756K [0x00000000d5580000, 0x00000000d7080000, 0x0000000100000000)
  eden space 19456K, 100% used [0x00000000d5580000,0x00000000d6880000,0x00000000d6880000)
  from space 3584K, 92% used [0x00000000d6880000,0x00000000d6bb9000,0x00000000d6c00000)
  to   space 4096K, 0% used [0x00000000d6c80000,0x00000000d6c80000,0x00000000d7080000)
 ParOldGen       total 68608K, used 29983K [0x0000000080000000, 0x0000000084300000, 0x00000000d5580000)
  object space 68608K, 43% used [0x0000000080000000,0x0000000081d47e10,0x0000000084300000)
 Metaspace       used 48099K, committed 49344K, reserved 1114112K
  class space    used 5204K, committed 5696K, reserved 1048576K
}
Event: 54.622 GC heap after
{Heap after GC invocations=24 (full 2):
 PSYoungGen      total 23040K, used 3232K [0x00000000d5580000, 0x00000000d7000000, 0x0000000100000000)
  eden space 19456K, 0% used [0x00000000d5580000,0x00000000d5580000,0x00000000d6880000)
  from space 3584K, 90% used [0x00000000d6c80000,0x00000000d6fa8010,0x00000000d7000000)
  to   space 3584K, 0% used [0x00000000d6880000,0x00000000d6880000,0x00000000d6c00000)
 ParOldGen       total 68608K, used 33207K [0x0000000080000000, 0x0000000084300000, 0x00000000d5580000)
  object space 68608K, 48% used [0x0000000080000000,0x000000008206df10,0x0000000084300000)
 Metaspace       used 48099K, committed 49344K, reserved 1114112K
  class space    used 5204K, committed 5696K, reserved 1048576K
}
Event: 55.735 GC heap before
{Heap before GC invocations=25 (full 2):
 PSYoungGen      total 23040K, used 22688K [0x00000000d5580000, 0x00000000d7000000, 0x0000000100000000)
  eden space 19456K, 100% used [0x00000000d5580000,0x00000000d6880000,0x00000000d6880000)
  from space 3584K, 90% used [0x00000000d6c80000,0x00000000d6fa8010,0x00000000d7000000)
  to   space 3584K, 0% used [0x00000000d6880000,0x00000000d6880000,0x00000000d6c00000)
 ParOldGen       total 68608K, used 33207K [0x0000000080000000, 0x0000000084300000, 0x00000000d5580000)
  object space 68608K, 48% used [0x0000000080000000,0x000000008206df10,0x0000000084300000)
 Metaspace       used 48567K, committed 49792K, reserved 1114112K
  class space    used 5250K, committed 5760K, reserved 1048576K
}
Event: 55.754 GC heap after
{Heap after GC invocations=25 (full 2):
 PSYoungGen      total 23040K, used 3552K [0x00000000d5580000, 0x00000000d7880000, 0x0000000100000000)
  eden space 19456K, 0% used [0x00000000d5580000,0x00000000d5580000,0x00000000d6880000)
  from space 3584K, 99% used [0x00000000d6880000,0x00000000d6bf8200,0x00000000d6c00000)
  to   space 8192K, 0% used [0x00000000d7080000,0x00000000d7080000,0x00000000d7880000)
 ParOldGen       total 68608K, used 36989K [0x0000000080000000, 0x0000000084300000, 0x00000000d5580000)
  object space 68608K, 53% used [0x0000000080000000,0x000000008241f638,0x0000000084300000)
 Metaspace       used 48567K, committed 49792K, reserved 1114112K
  class space    used 5250K, committed 5760K, reserved 1048576K
}
Event: 57.412 GC heap before
{Heap before GC invocations=26 (full 2):
 PSYoungGen      total 23040K, used 22998K [0x00000000d5580000, 0x00000000d7880000, 0x0000000100000000)
  eden space 19456K, 99% used [0x00000000d5580000,0x00000000d687d848,0x00000000d6880000)
  from space 3584K, 99% used [0x00000000d6880000,0x00000000d6bf8200,0x00000000d6c00000)
  to   space 8192K, 0% used [0x00000000d7080000,0x00000000d7080000,0x00000000d7880000)
 ParOldGen       total 68608K, used 36989K [0x0000000080000000, 0x0000000084300000, 0x00000000d5580000)
  object space 68608K, 53% used [0x0000000080000000,0x000000008241f638,0x0000000084300000)
 Metaspace       used 50216K, committed 51456K, reserved 1114112K
  class space    used 5462K, committed 6016K, reserved 1048576K
}
Event: 57.425 GC heap after
{Heap after GC invocations=26 (full 2):
 PSYoungGen      total 22016K, used 2085K [0x00000000d5580000, 0x00000000d7300000, 0x0000000100000000)
  eden space 19456K, 0% used [0x00000000d5580000,0x00000000d5580000,0x00000000d6880000)
  from space 2560K, 81% used [0x00000000d7080000,0x00000000d7289780,0x00000000d7300000)
  to   space 4096K, 0% used [0x00000000d6b00000,0x00000000d6b00000,0x00000000d6f00000)
 ParOldGen       total 68608K, used 40530K [0x0000000080000000, 0x0000000084300000, 0x00000000d5580000)
  object space 68608K, 59% used [0x0000000080000000,0x00000000827948c0,0x0000000084300000)
 Metaspace       used 50216K, committed 51456K, reserved 1114112K
  class space    used 5462K, committed 6016K, reserved 1048576K
}
Event: 59.041 GC heap before
{Heap before GC invocations=27 (full 2):
 PSYoungGen      total 22016K, used 21541K [0x00000000d5580000, 0x00000000d7300000, 0x0000000100000000)
  eden space 19456K, 100% used [0x00000000d5580000,0x00000000d6880000,0x00000000d6880000)
  from space 2560K, 81% used [0x00000000d7080000,0x00000000d7289780,0x00000000d7300000)
  to   space 4096K, 0% used [0x00000000d6b00000,0x00000000d6b00000,0x00000000d6f00000)
 ParOldGen       total 68608K, used 40530K [0x0000000080000000, 0x0000000084300000, 0x00000000d5580000)
  object space 68608K, 59% used [0x0000000080000000,0x00000000827948c0,0x0000000084300000)
 Metaspace       used 51565K, committed 52864K, reserved 1114112K
  class space    used 5615K, committed 6208K, reserved 1048576K
}
Event: 59.047 GC heap after
{Heap after GC invocations=27 (full 2):
 PSYoungGen      total 23552K, used 480K [0x00000000d5580000, 0x00000000d7100000, 0x0000000100000000)
  eden space 19456K, 0% used [0x00000000d5580000,0x00000000d5580000,0x00000000d6880000)
  from space 4096K, 11% used [0x00000000d6b00000,0x00000000d6b78000,0x00000000d6f00000)
  to   space 1536K, 0% used [0x00000000d6f80000,0x00000000d6f80000,0x00000000d7100000)
 ParOldGen       total 68608K, used 42528K [0x0000000080000000, 0x0000000084300000, 0x00000000d5580000)
  object space 68608K, 61% used [0x0000000080000000,0x00000000829881a8,0x0000000084300000)
 Metaspace       used 51565K, committed 52864K, reserved 1114112K
  class space    used 5615K, committed 6208K, reserved 1048576K
}
Event: 59.967 GC heap before
{Heap before GC invocations=28 (full 2):
 PSYoungGen      total 23552K, used 19901K [0x00000000d5580000, 0x00000000d7100000, 0x0000000100000000)
  eden space 19456K, 99% used [0x00000000d5580000,0x00000000d68777c0,0x00000000d6880000)
  from space 4096K, 11% used [0x00000000d6b00000,0x00000000d6b78000,0x00000000d6f00000)
  to   space 1536K, 0% used [0x00000000d6f80000,0x00000000d6f80000,0x00000000d7100000)
 ParOldGen       total 68608K, used 42528K [0x0000000080000000, 0x0000000084300000, 0x00000000d5580000)
  object space 68608K, 61% used [0x0000000080000000,0x00000000829881a8,0x0000000084300000)
 Metaspace       used 53056K, committed 54400K, reserved 1114112K
  class space    used 5751K, committed 6336K, reserved 1048576K
}
Event: 59.975 GC heap after
{Heap after GC invocations=28 (full 2):
 PSYoungGen      total 20992K, used 1514K [0x00000000d5580000, 0x00000000d7100000, 0x0000000100000000)
  eden space 19456K, 0% used [0x00000000d5580000,0x00000000d5580000,0x00000000d6880000)
  from space 1536K, 98% used [0x00000000d6f80000,0x00000000d70fa820,0x00000000d7100000)
  to   space 3072K, 0% used [0x00000000d6b00000,0x00000000d6b00000,0x00000000d6e00000)
 ParOldGen       total 68608K, used 43262K [0x0000000080000000, 0x0000000084300000, 0x00000000d5580000)
  object space 68608K, 63% used [0x0000000080000000,0x0000000082a3f960,0x0000000084300000)
 Metaspace       used 53056K, committed 54400K, reserved 1114112K
  class space    used 5751K, committed 6336K, reserved 1048576K
}
Event: 60.199 GC heap before
{Heap before GC invocations=29 (full 2):
 PSYoungGen      total 20992K, used 20970K [0x00000000d5580000, 0x00000000d7100000, 0x0000000100000000)
  eden space 19456K, 100% used [0x00000000d5580000,0x00000000d6880000,0x00000000d6880000)
  from space 1536K, 98% used [0x00000000d6f80000,0x00000000d70fa820,0x00000000d7100000)
  to   space 3072K, 0% used [0x00000000d6b00000,0x00000000d6b00000,0x00000000d6e00000)
 ParOldGen       total 68608K, used 43262K [0x0000000080000000, 0x0000000084300000, 0x00000000d5580000)
  object space 68608K, 63% used [0x0000000080000000,0x0000000082a3f960,0x0000000084300000)
 Metaspace       used 53085K, committed 54400K, reserved 1114112K
  class space    used 5751K, committed 6336K, reserved 1048576K
}
Event: 60.205 GC heap after
{Heap after GC invocations=29 (full 2):
 PSYoungGen      total 22528K, used 841K [0x00000000d5580000, 0x00000000d7000000, 0x0000000100000000)
  eden space 19456K, 0% used [0x00000000d5580000,0x00000000d5580000,0x00000000d6880000)
  from space 3072K, 27% used [0x00000000d6b00000,0x00000000d6bd26d8,0x00000000d6e00000)
  to   space 1536K, 0% used [0x00000000d6e80000,0x00000000d6e80000,0x00000000d7000000)
 ParOldGen       total 68608K, used 44258K [0x0000000080000000, 0x0000000084300000, 0x00000000d5580000)
  object space 68608K, 64% used [0x0000000080000000,0x0000000082b38b08,0x0000000084300000)
 Metaspace       used 53085K, committed 54400K, reserved 1114112K
  class space    used 5751K, committed 6336K, reserved 1048576K
}
Event: 60.541 GC heap before
{Heap before GC invocations=30 (full 2):
 PSYoungGen      total 22528K, used 20297K [0x00000000d5580000, 0x00000000d7000000, 0x0000000100000000)
  eden space 19456K, 100% used [0x00000000d5580000,0x00000000d6880000,0x00000000d6880000)
  from space 3072K, 27% used [0x00000000d6b00000,0x00000000d6bd26d8,0x00000000d6e00000)
  to   space 1536K, 0% used [0x00000000d6e80000,0x00000000d6e80000,0x00000000d7000000)
 ParOldGen       total 68608K, used 44258K [0x0000000080000000, 0x0000000084300000, 0x00000000d5580000)
  object space 68608K, 64% used [0x0000000080000000,0x0000000082b38b08,0x0000000084300000)
 Metaspace       used 54019K, committed 55296K, reserved 1114112K
  class space    used 5838K, committed 6400K, reserved 1048576K
}
Event: 60.543 GC heap after
{Heap after GC invocations=30 (full 2):
 PSYoungGen      total 19968K, used 128K [0x00000000d5580000, 0x00000000d6f00000, 0x0000000100000000)
  eden space 19456K, 0% used [0x00000000d5580000,0x00000000d5580000,0x00000000d6880000)
  from space 512K, 25% used [0x00000000d6e80000,0x00000000d6ea0000,0x00000000d6f00000)
  to   space 512K, 0% used [0x00000000d6e00000,0x00000000d6e00000,0x00000000d6e80000)
 ParOldGen       total 68608K, used 44266K [0x0000000080000000, 0x0000000084300000, 0x00000000d5580000)
  object space 68608K, 64% used [0x0000000080000000,0x0000000082b3ab08,0x0000000084300000)
 Metaspace       used 54019K, committed 55296K, reserved 1114112K
  class space    used 5838K, committed 6400K, reserved 1048576K
}
Event: 63.238 GC heap before
{Heap before GC invocations=31 (full 2):
 PSYoungGen      total 19968K, used 19563K [0x00000000d5580000, 0x00000000d6f00000, 0x0000000100000000)
  eden space 19456K, 99% used [0x00000000d5580000,0x00000000d687aea0,0x00000000d6880000)
  from space 512K, 25% used [0x00000000d6e80000,0x00000000d6ea0000,0x00000000d6f00000)
  to   space 512K, 0% used [0x00000000d6e00000,0x00000000d6e00000,0x00000000d6e80000)
 ParOldGen       total 68608K, used 44266K [0x0000000080000000, 0x0000000084300000, 0x00000000d5580000)
  object space 68608K, 64% used [0x0000000080000000,0x0000000082b3ab08,0x0000000084300000)
 Metaspace       used 56106K, committed 57472K, reserved 1114112K
  class space    used 6024K, committed 6656K, reserved 1048576K
}
Event: 63.247 GC heap after
{Heap after GC invocations=31 (full 2):
 PSYoungGen      total 19968K, used 501K [0x00000000d5580000, 0x00000000d6f00000, 0x0000000100000000)
  eden space 19456K, 0% used [0x00000000d5580000,0x00000000d5580000,0x00000000d6880000)
  from space 512K, 97% used [0x00000000d6e00000,0x00000000d6e7d650,0x00000000d6e80000)
  to   space 512K, 0% used [0x00000000d6e80000,0x00000000d6e80000,0x00000000d6f00000)
 ParOldGen       total 68608K, used 44921K [0x0000000080000000, 0x0000000084300000, 0x00000000d5580000)
  object space 68608K, 65% used [0x0000000080000000,0x0000000082bde638,0x0000000084300000)
 Metaspace       used 56106K, committed 57472K, reserved 1114112K
  class space    used 6024K, committed 6656K, reserved 1048576K
}

